<?xml version="1.0" encoding="UTF-8"?>
<beans xmlns="http://www.springframework.org/schema/beans"
	xmlns:xsi="http://www.w3.org/2001/XMLSchema-instance"
	xsi:schemaLocation="http://www.springframework.org/schema/beans http://www.springframework.org/schema/beans/spring-beans.xsd
	http://www.springframework.org/schema/batch http://www.springframework.org/schema/batch/spring-batch.xsd">
	
	<job id="job" xmlns="http://www.springframework.org/schema/batch" restartable="true">
		<step id="step1" allow-start-if-complete="true">
			<tasklet ref="myTasklet" />
		</step>
	</job>
	<bean id="myTasklet" class="sample.MyTasklet" />
 
    <!-- Spring should auto load this bean -->
    <bean class="org.springframework.batch.test.JobLauncherTestUtils"/>
    
</beans>